# JRE version: OpenJDK Runtime Environment (8.0_242-b01) (build 1.8.0_242-release-1644-b01)
# Java VM: OpenJDK 64-Bit Server VM (25.242-b01 mixed mode windows-amd64 compressed oops)
Heap:
 PSYoungGen      total 112640K, used 58692K [0x00000000f5580000, 0x00000000ff100000, 0x0000000100000000)
  eden space 72192K, 65% used [0x00000000f5580000,0x00000000f83e51d0,0x00000000f9c00000)
  from space 40448K, 27% used [0x00000000fc980000,0x00000000fd46c168,0x00000000ff100000)
  to   space 43520K, 0% used [0x00000000f9c00000,0x00000000f9c00000,0x00000000fc680000)
 ParOldGen       total 226304K, used 67533K [0x00000000e0000000, 0x00000000edd00000, 0x00000000f5580000)
  object space 226304K, 29% used [0x00000000e0000000,0x00000000e41f3728,0x00000000edd00000)
 Metaspace       used 109394K, capacity 114326K, committed 116184K, reserved 1150976K
  class space    used 13927K, capacity 14872K, committed 15360K, reserved 1048576K
GC Heap History (10 events):
Event: 3479.681 GC heap before
{Heap before GC invocations=75 (full 5):
 PSYoungGen      total 67072K, used 66843K [0x00000000f5580000, 0x00000000ff900000, 0x0000000100000000)
  eden space 58880K, 100% used [0x00000000f5580000,0x00000000f8f00000,0x00000000f8f00000)
  from space 8192K, 97% used [0x00000000f8f00000,0x00000000f96c6e90,0x00000000f9700000)
  to   space 54272K, 0% used [0x00000000fc400000,0x00000000fc400000,0x00000000ff900000)
 ParOldGen       total 226304K, used 67493K [0x00000000e0000000, 0x00000000edd00000, 0x00000000f5580000)
  object space 226304K, 29% used [0x00000000e0000000,0x00000000e41e9728,0x00000000edd00000)
 Metaspace       used 108651K, capacity 113210K, committed 115928K, reserved 1150976K
  class space    used 13827K, capacity 14699K, committed 15360K, reserved 1048576K
Event: 3479.686 GC heap after
Heap after GC invocations=75 (full 5):
 PSYoungGen      total 113664K, used 6042K [0x00000000f5580000, 0x00000000ff680000, 0x0000000100000000)
  eden space 61952K, 0% used [0x00000000f5580000,0x00000000f5580000,0x00000000f9200000)
  from space 51712K, 11% used [0x00000000fc400000,0x00000000fc9e6b20,0x00000000ff680000)
  to   space 51200K, 0% used [0x00000000f9200000,0x00000000f9200000,0x00000000fc400000)
 ParOldGen       total 226304K, used 67501K [0x00000000e0000000, 0x00000000edd00000, 0x00000000f5580000)
  object space 226304K, 29% used [0x00000000e0000000,0x00000000e41eb728,0x00000000edd00000)
 Metaspace       used 108651K, capacity 113210K, committed 115928K, reserved 1150976K
  class space    used 13827K, capacity 14699K, committed 15360K, reserved 1048576K
}
Event: 3901.312 GC heap before
{Heap before GC invocations=76 (full 5):
 PSYoungGen      total 113664K, used 67994K [0x00000000f5580000, 0x00000000ff680000, 0x0000000100000000)
  eden space 61952K, 100% used [0x00000000f5580000,0x00000000f9200000,0x00000000f9200000)
  from space 51712K, 11% used [0x00000000fc400000,0x00000000fc9e6b20,0x00000000ff680000)
  to   space 51200K, 0% used [0x00000000f9200000,0x00000000f9200000,0x00000000fc400000)
 ParOldGen       total 226304K, used 67501K [0x00000000e0000000, 0x00000000edd00000, 0x00000000f5580000)
  object space 226304K, 29% used [0x00000000e0000000,0x00000000e41eb728,0x00000000edd00000)
 Metaspace       used 109252K, capacity 114170K, committed 115928K, reserved 1150976K
  class space    used 13920K, capacity 14860K, committed 15360K, reserved 1048576K
Event: 3901.317 GC heap after
Heap after GC invocations=76 (full 5):
 PSYoungGen      total 113152K, used 6706K [0x00000000f5580000, 0x00000000ff300000, 0x0000000100000000)
  eden space 61952K, 0% used [0x00000000f5580000,0x00000000f5580000,0x00000000f9200000)
  from space 51200K, 13% used [0x00000000f9200000,0x00000000f988ca00,0x00000000fc400000)
  to   space 48128K, 0% used [0x00000000fc400000,0x00000000fc400000,0x00000000ff300000)
 ParOldGen       total 226304K, used 67509K [0x00000000e0000000, 0x00000000edd00000, 0x00000000f5580000)
  object space 226304K, 29% used [0x00000000e0000000,0x00000000e41ed728,0x00000000edd00000)
 Metaspace       used 109252K, capacity 114170K, committed 115928K, reserved 1150976K
  class space    used 13920K, capacity 14860K, committed 15360K, reserved 1048576K
}
Event: 3901.623 GC heap before
{Heap before GC invocations=77 (full 5):
 PSYoungGen      total 113152K, used 68658K [0x00000000f5580000, 0x00000000ff300000, 0x0000000100000000)
  eden space 61952K, 100% used [0x00000000f5580000,0x00000000f9200000,0x00000000f9200000)
  from space 51200K, 13% used [0x00000000f9200000,0x00000000f988ca00,0x00000000fc400000)
  to   space 48128K, 0% used [0x00000000fc400000,0x00000000fc400000,0x00000000ff300000)
 ParOldGen       total 226304K, used 67509K [0x00000000e0000000, 0x00000000edd00000, 0x00000000f5580000)
  object space 226304K, 29% used [0x00000000e0000000,0x00000000e41ed728,0x00000000edd00000)
 Metaspace       used 109285K, capacity 114182K, committed 115928K, reserved 1150976K
  class space    used 13921K, capacity 14862K, committed 15360K, reserved 1048576K
Event: 3901.631 GC heap after
Heap after GC invocations=77 (full 5):
 PSYoungGen      total 109056K, used 10112K [0x00000000f5580000, 0x00000000fee00000, 0x0000000100000000)
  eden space 66048K, 0% used [0x00000000f5580000,0x00000000f5580000,0x00000000f9600000)
  from space 43008K, 23% used [0x00000000fc400000,0x00000000fcde0010,0x00000000fee00000)
  to   space 45056K, 0% used [0x00000000f9600000,0x00000000f9600000,0x00000000fc200000)
 ParOldGen       total 226304K, used 67517K [0x00000000e0000000, 0x00000000edd00000, 0x00000000f5580000)
  object space 226304K, 29% used [0x00000000e0000000,0x00000000e41ef728,0x00000000edd00000)
 Metaspace       used 109285K, capacity 114182K, committed 115928K, reserved 1150976K
  class space    used 13921K, capacity 14862K, committed 15360K, reserved 1048576K
}
Event: 3901.934 GC heap before
{Heap before GC invocations=78 (full 5):
 PSYoungGen      total 109056K, used 74809K [0x00000000f5580000, 0x00000000fee00000, 0x0000000100000000)
  eden space 66048K, 97% used [0x00000000f5580000,0x00000000f94ae478,0x00000000f9600000)
  from space 43008K, 23% used [0x00000000fc400000,0x00000000fcde0010,0x00000000fee00000)
  to   space 45056K, 0% used [0x00000000f9600000,0x00000000f9600000,0x00000000fc200000)
 ParOldGen       total 226304K, used 67517K [0x00000000e0000000, 0x00000000edd00000, 0x00000000f5580000)
  object space 226304K, 29% used [0x00000000e0000000,0x00000000e41ef728,0x00000000edd00000)
 Metaspace       used 109300K, capacity 114250K, committed 116184K, reserved 1150976K
  class space    used 13921K, capacity 14862K, committed 15360K, reserved 1048576K
Event: 3901.956 GC heap after
Heap after GC invocations=78 (full 5):
 PSYoungGen      total 111104K, used 24794K [0x00000000f5580000, 0x00000000ff700000, 0x0000000100000000)
  eden space 66048K, 0% used [0x00000000f5580000,0x00000000f5580000,0x00000000f9600000)
  from space 45056K, 55% used [0x00000000f9600000,0x00000000fae36988,0x00000000fc200000)
  to   space 46592K, 0% used [0x00000000fc980000,0x00000000fc980000,0x00000000ff700000)
 ParOldGen       total 226304K, used 67525K [0x00000000e0000000, 0x00000000edd00000, 0x00000000f5580000)
  object space 226304K, 29% used [0x00000000e0000000,0x00000000e41f1728,0x00000000edd00000)
 Metaspace       used 109300K, capacity 114250K, committed 116184K, reserved 1150976K
  class space    used 13921K, capacity 14862K, committed 15360K, reserved 1048576K
}
Event: 3902.430 GC heap before
{Heap before GC invocations=79 (full 5):
 PSYoungGen      total 111104K, used 90842K [0x00000000f5580000, 0x00000000ff700000, 0x0000000100000000)
  eden space 66048K, 100% used [0x00000000f5580000,0x00000000f9600000,0x00000000f9600000)
  from space 45056K, 55% used [0x00000000f9600000,0x00000000fae36988,0x00000000fc200000)
  to   space 46592K, 0% used [0x00000000fc980000,0x00000000fc980000,0x00000000ff700000)
 ParOldGen       total 226304K, used 67525K [0x00000000e0000000, 0x00000000edd00000, 0x00000000f5580000)
  object space 226304K, 29% used [0x00000000e0000000,0x00000000e41f1728,0x00000000edd00000)
 Metaspace       used 109364K, capacity 114292K, committed 116184K, reserved 1150976K
  class space    used 13924K, capacity 14867K, committed 15360K, reserved 1048576K
Event: 3902.439 GC heap after
Heap after GC invocations=79 (full 5):
 PSYoungGen      total 112640K, used 11184K [0x00000000f5580000, 0x00000000ff100000, 0x0000000100000000)
  eden space 72192K, 0% used [0x00000000f5580000,0x00000000f5580000,0x00000000f9c00000)
  from space 40448K, 27% used [0x00000000fc980000,0x00000000fd46c168,0x00000000ff100000)
  to   space 43520K, 0% used [0x00000000f9c00000,0x00000000f9c00000,0x00000000fc680000)
 ParOldGen       total 226304K, used 67533K [0x00000000e0000000, 0x00000000edd00000, 0x00000000f5580000)
  object space 226304K, 29% used [0x00000000e0000000,0x00000000e41f3728,0x00000000edd00000)
 Metaspace       used 109364K, capacity 114292K, committed 116184K, reserved 1150976K
  class space    used 13924K, capacity 14867K, committed 15360K, reserved 1048576K
}

