# JRE version: OpenJDK Runtime Environment (8.0_212-b04) (build 1.8.0_212-release-1586-b04)
# Java VM: OpenJDK 64-Bit Server VM (25.212-b04 mixed mode windows-amd64 compressed oops)
Heap:
 PSYoungGen      total 113664K, used 22008K [0x00000000e0000000, 0x00000000e7c00000, 0x0000000100000000)
  eden space 100864K, 21% used [0x00000000e0000000,0x00000000e157e238,0x00000000e6280000)
  from space 12800K, 0% used [0x00000000e6280000,0x00000000e6280000,0x00000000e6f00000)
  to   space 11776K, 0% used [0x00000000e6f00000,0x00000000e6f00000,0x00000000e7a80000)
 ParOldGen       total 61440K, used 15663K [0x00000000a0000000, 0x00000000a3c00000, 0x00000000e0000000)
  object space 61440K, 25% used [0x00000000a0000000,0x00000000a0f4bcc0,0x00000000a3c00000)
 Metaspace       used 35788K, capacity 36520K, committed 36736K, reserved 1081344K
  class space    used 4722K, capacity 4914K, committed 4992K, reserved 1048576K
GC Heap History (10 events):
Event: 4.007 GC heap before
{Heap before GC invocations=7 (full 1):
 PSYoungGen      total 75264K, used 9755K [0x00000000e0000000, 0x00000000e5700000, 0x0000000100000000)
  eden space 64512K, 0% used [0x00000000e0000000,0x00000000e0000000,0x00000000e3f00000)
  from space 10752K, 90% used [0x00000000e4a80000,0x00000000e5406fc8,0x00000000e5500000)
  to   space 11776K, 0% used [0x00000000e3f00000,0x00000000e3f00000,0x00000000e4a80000)
 ParOldGen       total 86016K, used 7936K [0x00000000a0000000, 0x00000000a5400000, 0x00000000e0000000)
  object space 86016K, 9% used [0x00000000a0000000,0x00000000a07c01c0,0x00000000a5400000)
 Metaspace       used 20760K, capacity 21262K, committed 21296K, reserved 1067008K
  class space    used 3010K, capacity 3174K, committed 3200K, reserved 1048576K
Event: 4.043 GC heap after
Heap after GC invocations=7 (full 1):
 PSYoungGen      total 75264K, used 0K [0x00000000e0000000, 0x00000000e5700000, 0x0000000100000000)
  eden space 64512K, 0% used [0x00000000e0000000,0x00000000e0000000,0x00000000e3f00000)
  from space 10752K, 0% used [0x00000000e4a80000,0x00000000e4a80000,0x00000000e5500000)
  to   space 11776K, 0% used [0x00000000e3f00000,0x00000000e3f00000,0x00000000e4a80000)
 ParOldGen       total 61440K, used 10527K [0x00000000a0000000, 0x00000000a3c00000, 0x00000000e0000000)
  object space 61440K, 17% used [0x00000000a0000000,0x00000000a0a47ed0,0x00000000a3c00000)
 Metaspace       used 20760K, capacity 21262K, committed 21296K, reserved 1067008K
  class space    used 3010K, capacity 3174K, committed 3200K, reserved 1048576K
}
Event: 4.719 GC heap before
{Heap before GC invocations=8 (full 1):
 PSYoungGen      total 75264K, used 64512K [0x00000000e0000000, 0x00000000e5700000, 0x0000000100000000)
  eden space 64512K, 100% used [0x00000000e0000000,0x00000000e3f00000,0x00000000e3f00000)
  from space 10752K, 0% used [0x00000000e4a80000,0x00000000e4a80000,0x00000000e5500000)
  to   space 11776K, 0% used [0x00000000e3f00000,0x00000000e3f00000,0x00000000e4a80000)
 ParOldGen       total 61440K, used 10527K [0x00000000a0000000, 0x00000000a3c00000, 0x00000000e0000000)
  object space 61440K, 17% used [0x00000000a0000000,0x00000000a0a47ed0,0x00000000a3c00000)
 Metaspace       used 28460K, capacity 29078K, committed 29312K, reserved 1075200K
  class space    used 3898K, capacity 4112K, committed 4224K, reserved 1048576K
Event: 4.725 GC heap after
Heap after GC invocations=8 (full 1):
 PSYoungGen      total 76288K, used 7651K [0x00000000e0000000, 0x00000000e7a80000, 0x0000000100000000)
  eden space 64512K, 0% used [0x00000000e0000000,0x00000000e0000000,0x00000000e3f00000)
  from space 11776K, 64% used [0x00000000e3f00000,0x00000000e4678c18,0x00000000e4a80000)
  to   space 11776K, 0% used [0x00000000e6f00000,0x00000000e6f00000,0x00000000e7a80000)
 ParOldGen       total 61440K, used 10535K [0x00000000a0000000, 0x00000000a3c00000, 0x00000000e0000000)
  object space 61440K, 17% used [0x00000000a0000000,0x00000000a0a49ed0,0x00000000a3c00000)
 Metaspace       used 28460K, capacity 29078K, committed 29312K, reserved 1075200K
  class space    used 3898K, capacity 4112K, committed 4224K, reserved 1048576K
}
Event: 5.675 GC heap before
{Heap before GC invocations=9 (full 1):
 PSYoungGen      total 76288K, used 72163K [0x00000000e0000000, 0x00000000e7a80000, 0x0000000100000000)
  eden space 64512K, 100% used [0x00000000e0000000,0x00000000e3f00000,0x00000000e3f00000)
  from space 11776K, 64% used [0x00000000e3f00000,0x00000000e4678c18,0x00000000e4a80000)
  to   space 11776K, 0% used [0x00000000e6f00000,0x00000000e6f00000,0x00000000e7a80000)
 ParOldGen       total 61440K, used 10535K [0x00000000a0000000, 0x00000000a3c00000, 0x00000000e0000000)
  object space 61440K, 17% used [0x00000000a0000000,0x00000000a0a49ed0,0x00000000a3c00000)
 Metaspace       used 33555K, capacity 34196K, committed 34432K, reserved 1079296K
  class space    used 4500K, capacity 4698K, committed 4736K, reserved 1048576K
Event: 5.686 GC heap after
Heap after GC invocations=9 (full 1):
 PSYoungGen      total 112640K, used 10607K [0x00000000e0000000, 0x00000000e7c00000, 0x0000000100000000)
  eden space 100864K, 0% used [0x00000000e0000000,0x00000000e0000000,0x00000000e6280000)
  from space 11776K, 90% used [0x00000000e6f00000,0x00000000e795bd70,0x00000000e7a80000)
  to   space 12800K, 0% used [0x00000000e6280000,0x00000000e6280000,0x00000000e6f00000)
 ParOldGen       total 61440K, used 10543K [0x00000000a0000000, 0x00000000a3c00000, 0x00000000e0000000)
  object space 61440K, 17% used [0x00000000a0000000,0x00000000a0a4bed0,0x00000000a3c00000)
 Metaspace       used 33555K, capacity 34196K, committed 34432K, reserved 1079296K
  class space    used 4500K, capacity 4698K, committed 4736K, reserved 1048576K
}
Event: 5.916 GC heap before
{Heap before GC invocations=10 (full 1):
 PSYoungGen      total 112640K, used 25594K [0x00000000e0000000, 0x00000000e7c00000, 0x0000000100000000)
  eden space 100864K, 14% used [0x00000000e0000000,0x00000000e0ea2dc8,0x00000000e6280000)
  from space 11776K, 90% used [0x00000000e6f00000,0x00000000e795bd70,0x00000000e7a80000)
  to   space 12800K, 0% used [0x00000000e6280000,0x00000000e6280000,0x00000000e6f00000)
 ParOldGen       total 61440K, used 10543K [0x00000000a0000000, 0x00000000a3c00000, 0x00000000e0000000)
  object space 61440K, 17% used [0x00000000a0000000,0x00000000a0a4bed0,0x00000000a3c00000)
 Metaspace       used 34520K, capacity 35396K, committed 35496K, reserved 1079296K
  class space    used 4582K, capacity 4817K, committed 4864K, reserved 1048576K
Event: 5.921 GC heap after
Heap after GC invocations=10 (full 1):
 PSYoungGen      total 113664K, used 7836K [0x00000000e0000000, 0x00000000e7c00000, 0x0000000100000000)
  eden space 100864K, 0% used [0x00000000e0000000,0x00000000e0000000,0x00000000e6280000)
  from space 12800K, 61% used [0x00000000e6280000,0x00000000e6a27368,0x00000000e6f00000)
  to   space 11776K, 0% used [0x00000000e6f00000,0x00000000e6f00000,0x00000000e7a80000)
 ParOldGen       total 61440K, used 10551K [0x00000000a0000000, 0x00000000a3c00000, 0x00000000e0000000)
  object space 61440K, 17% used [0x00000000a0000000,0x00000000a0a4ded0,0x00000000a3c00000)
 Metaspace       used 34520K, capacity 35396K, committed 35496K, reserved 1079296K
  class space    used 4582K, capacity 4817K, committed 4864K, reserved 1048576K
}
Event: 5.921 GC heap before
{Heap before GC invocations=11 (full 2):
 PSYoungGen      total 113664K, used 7836K [0x00000000e0000000, 0x00000000e7c00000, 0x0000000100000000)
  eden space 100864K, 0% used [0x00000000e0000000,0x00000000e0000000,0x00000000e6280000)
  from space 12800K, 61% used [0x00000000e6280000,0x00000000e6a27368,0x00000000e6f00000)
  to   space 11776K, 0% used [0x00000000e6f00000,0x00000000e6f00000,0x00000000e7a80000)
 ParOldGen       total 61440K, used 10551K [0x00000000a0000000, 0x00000000a3c00000, 0x00000000e0000000)
  object space 61440K, 17% used [0x00000000a0000000,0x00000000a0a4ded0,0x00000000a3c00000)
 Metaspace       used 34520K, capacity 35396K, committed 35496K, reserved 1079296K
  class space    used 4582K, capacity 4817K, committed 4864K, reserved 1048576K
Event: 5.965 GC heap after
Heap after GC invocations=11 (full 2):
 PSYoungGen      total 113664K, used 0K [0x00000000e0000000, 0x00000000e7c00000, 0x0000000100000000)
  eden space 100864K, 0% used [0x00000000e0000000,0x00000000e0000000,0x00000000e6280000)
  from space 12800K, 0% used [0x00000000e6280000,0x00000000e6280000,0x00000000e6f00000)
  to   space 11776K, 0% used [0x00000000e6f00000,0x00000000e6f00000,0x00000000e7a80000)
 ParOldGen       total 61440K, used 15663K [0x00000000a0000000, 0x00000000a3c00000, 0x00000000e0000000)
  object space 61440K, 25% used [0x00000000a0000000,0x00000000a0f4bcc0,0x00000000a3c00000)
 Metaspace       used 34474K, capacity 35292K, committed 35496K, reserved 1079296K
  class space    used 4571K, capacity 4805K, committed 4864K, reserved 1048576K
}

